Starting test: Crawling explicit genres
Explicit genres response: {
    "headers": {},
    "original": [
        {
            "id": "9",
            "name": "Ecchi (817)",
            "link": "/anime/genre/9/Ecchi"
        },
        {
            "id": "49",
            "name": "Erotica (77)",
            "link": "/anime/genre/49/Erotica"
        },
        {
            "id": "12",
            "name": "Hentai (1,553)",
            "link": "/anime/genre/12/Hentai"
        }
    ],
    "exception": null
}
Explicit genres JSON: {
    "headers": {},
    "original": [
        {
            "id": "9",
            "name": "Ecchi (817)",
            "link": "/anime/genre/9/Ecchi"
        },
        {
            "id": "49",
            "name": "Erotica (77)",
            "link": "/anime/genre/49/Erotica"
        },
        {
            "id": "12",
            "name": "Hentai (1,553)",
            "link": "/anime/genre/12/Hentai"
        }
    ],
    "exception": null
}
Saving explicit genres JSON file: Z:\Animik\Animik-wiki-crawler\tests\Unit/../../storage/response/Anime/explicit_genres_response.json
Explicit genres file saved at: Z:\Animik\Animik-wiki-crawler\tests\Unit/../../storage/response/Anime/explicit_genres_response.json
Test passed successfully.
